[35m[Appium][39m Welcome to Appium v2.5.0
[35m[Appium][39m Non-default server args:
[35m[Appium][39m { basePath: [32m'/wd/hub'[39m, loglevel: [32m'info'[39m, port: [33m58036[39m }
[35m[Appium][39m Attempting to load driver uiautomator2...
[35m[Appium][39m Appium REST http interface listener started on http://0.0.0.0:58036/wd/hub
[35m[Appium][39m You can provide the following URLs in your client code to connect to this server:
[35m[Appium][39m 	http://172.16.213.208:58036/wd/hub
[35m[Appium][39m 	http://127.0.0.1:58036/wd/hub (only accessible from the same host)
[35m[Appium][39m Available drivers:
[35m[Appium][39m   - uiautomator2@3.0.0 (automationName 'UiAutomator2')
[35m[Appium][39m No plugins have been installed. Use the "appium plugin" command to install the one(s) you want to use.
[38;5;0m[HTTP][0m [37m-->[39m [37mGET[39m [37m/wd/hub/status[39m
[38;5;0m[HTTP][0m [90m{}[39m
[38;5;0m[HTTP][0m [37m<-- GET /wd/hub/status [39m[32m200[39m [90m9 ms - 110[39m
[38;5;0m[HTTP][0m [90m[39m
[38;5;0m[HTTP][0m [37m-->[39m [37mGET[39m [37m/wd/hub/status[39m
[38;5;0m[HTTP][0m [90m{}[39m
[38;5;0m[HTTP][0m [37m<-- GET /wd/hub/status [39m[32m200[39m [90m2 ms - 110[39m
[38;5;0m[HTTP][0m [90m[39m
[38;5;0m[HTTP][0m [37m-->[39m [37mPOST[39m [37m/wd/hub/session[39m
[38;5;0m[HTTP][0m [90m{"desiredCapabilities":{"appium:systemPort":8262,"appium:udid":"emulator-5554","appium:autoGrantPermissions":true,"appium:newCommandTimeout":1800,"appium:platformName":"ANDROID","appium:appActivity":".Settings","appium:deviceName":"emulator-5554 (sdk_gphone64_x86_64 - Android 14)","platformName":"Android","appium:automationName":"uiautomator2","appium:platformVersion":"14","appium:appPackage":"com.android.settings"},"capabilities":{"firstMatch":[{"appium:appActivity":".Settings","appium:appPackage":"com.android.settings","appium:autoGrantPermissions":true,"appium:automationName":"uiautomator2","appium:deviceName":"emulator-5554 (sdk_gphone64_x86_64 - Android 14)","appium:newCommandTimeout":1800,"appium:platformName":"ANDROID","appium:platformVersion":"14","appium:systemPort":8262,"appium:udid":"emulator-5554","platformName":"android"}]}}[39m
[38;5;32m[BaseDriver][0m Ignoring capability 'appium:platformName=ANDROID' and using capability 'platformName=android'
[38;5;32m[BaseDriver][0m The capabilities ["platformName"] are standard capabilities and do not require "appium:" prefix
[35m[Appium][39m Attempting to find matching driver for automationName 'uiautomator2' and platformName 'android'
[35m[Appium][39m The 'uiautomator2' driver was installed and matched caps.
[35m[Appium][39m Will require it at C:\Users\rizky\.appium\node_modules\appium-uiautomator2-driver
[38;5;16m[AppiumDriver@9025][0m Appium v2.5.0 creating new AndroidUiautomator2Driver (v3.0.0) session
[38;5;16m[AppiumDriver@9025][0m Checking BaseDriver versions for Appium and AndroidUiautomator2Driver
[38;5;16m[AppiumDriver@9025][0m Appium's BaseDriver version is 9.5.1
[38;5;16m[AppiumDriver@9025][0m AndroidUiautomator2Driver's BaseDriver version is 9.5.1
[38;5;48m[AndroidUiautomator2Driver@7913 (88a0fb5a)][0m Session created with session id: 88a0fb5a-9f03-4056-9920-6e594a43dbd2
[38;5;64m[ADB][0m Found 1 'build-tools' folders under 'C:\Users\rizky\.katalon\tools\android_sdk' (newest first):
[38;5;64m[ADB][0m     C:\Users\rizky\.katalon\tools\android_sdk\build-tools\29.0.3
[38;5;64m[ADB][0m Using 'adb.exe' from 'C:\Users\rizky\.katalon\tools\android_sdk\platform-tools\adb.exe'
[38;5;48m[AndroidUiautomator2Driver@7913 (88a0fb5a)][0m Retrieving device list
[38;5;48m[AndroidUiautomator2Driver@7913 (88a0fb5a)][0m Using device: emulator-5554
[38;5;64m[ADB][0m Using 'adb.exe' from 'C:\Users\rizky\.katalon\tools\android_sdk\platform-tools\adb.exe'
[38;5;48m[AndroidUiautomator2Driver@7913 (88a0fb5a)][0m Starting 'com.android.settings' directly on the device
[38;5;64m[ADB][0m Getting device platform version
[38;5;48m[AndroidUiautomator2Driver@7913 (88a0fb5a)][0m Relaxing hidden api policy
[38;5;48m[AndroidUiautomator2Driver@7913 (88a0fb5a)][0m No app sent in, not parsing package/activity
[38;5;64m[ADB][0m Using 'apksigner.jar' from 'C:\Users\rizky\.katalon\tools\android_sdk\build-tools\29.0.3\lib\apksigner.jar'
[38;5;64m[ADB][0m 'C:\Users\rizky\.appium\node_modules\appium-uiautomator2-driver\node_modules\appium-uiautomator2-server\apks\appium-uiautomator2-server-debug-androidTest.apk' is signed with the default certificate
[38;5;64m[ADB][0m 'C:\Users\rizky\.appium\node_modules\appium-uiautomator2-driver\node_modules\appium-uiautomator2-server\apks\appium-uiautomator2-server-v7.0.0.apk' is signed with the default certificate
[38;5;48m[AndroidUiautomator2Driver@7913 (88a0fb5a)][0m Server packages are not going to be (re)installed
[38;5;64m[ADB][0m Adding packages ["io.appium.settings","io.appium.uiautomator2.server","io.appium.uiautomator2.server.test"] to Doze whitelist
[38;5;48m[AndroidUiautomator2Driver@7913 (88a0fb5a)][0m Starting UIAutomator2 server 7.0.0
[38;5;48m[AndroidUiautomator2Driver@7913 (88a0fb5a)][0m Using UIAutomator2 server from 'C:\Users\rizky\.appium\node_modules\appium-uiautomator2-driver\node_modules\appium-uiautomator2-server\apks\appium-uiautomator2-server-v7.0.0.apk' and test from 'C:\Users\rizky\.appium\node_modules\appium-uiautomator2-driver\node_modules\appium-uiautomator2-server\apks\appium-uiautomator2-server-debug-androidTest.apk'
[38;5;48m[AndroidUiautomator2Driver@7913 (88a0fb5a)][0m Waiting up to 30000ms for UiAutomator2 to be online...
[38;5;48m[AndroidUiautomator2Driver@7913 (88a0fb5a)][0m socket hang up
[38;5;48m[AndroidUiautomator2Driver@7913 (88a0fb5a)][0m socket hang up
[38;5;48m[AndroidUiautomator2Driver@7913 (88a0fb5a)][0m socket hang up
[38;5;48m[AndroidUiautomator2Driver@7913 (88a0fb5a)][0m Determined the downstream protocol as 'W3C'
[38;5;48m[AndroidUiautomator2Driver@7913 (88a0fb5a)][0m Screen already unlocked, doing nothing
[38;5;48m[AndroidUiautomator2Driver@7913 (88a0fb5a)][0m Starting 'com.android.settings/.Settings and waiting for 'com.android.settings/.Settings'
[38;5;16m[AppiumDriver@9025][0m New AndroidUiautomator2Driver session created successfully, session 88a0fb5a-9f03-4056-9920-6e594a43dbd2 added to master session list
[38;5;0m[HTTP][0m [37m<-- POST /wd/hub/session [39m[32m200[39m [90m10044 ms - 1123[39m
[38;5;0m[HTTP][0m [90m[39m
[38;5;0m[HTTP][0m [37m-->[39m [37mGET[39m [37m/wd/hub/session/88a0fb5a-9f03-4056-9920-6e594a43dbd2[39m
[38;5;0m[HTTP][0m [90m{}[39m
[38;5;0m[HTTP][0m [37m<-- GET /wd/hub/session/88a0fb5a-9f03-4056-9920-6e594a43dbd2 [39m[32m200[39m [90m34 ms - 333[39m
[38;5;0m[HTTP][0m [90m[39m
[38;5;0m[HTTP][0m [37m-->[39m [37mGET[39m [37m/wd/hub/session/88a0fb5a-9f03-4056-9920-6e594a43dbd2[39m
[38;5;0m[HTTP][0m [90m{}[39m
[38;5;0m[HTTP][0m [37m<-- GET /wd/hub/session/88a0fb5a-9f03-4056-9920-6e594a43dbd2 [39m[32m200[39m [90m23 ms - 333[39m
[38;5;0m[HTTP][0m [90m[39m
[38;5;0m[HTTP][0m [37m-->[39m [37mGET[39m [37m/wd/hub/status[39m
[38;5;0m[HTTP][0m [90m{}[39m
[38;5;0m[HTTP][0m [37m<-- GET /wd/hub/status [39m[32m200[39m [90m2 ms - 110[39m
[38;5;0m[HTTP][0m [90m[39m
[38;5;0m[HTTP][0m [37m-->[39m [37mPOST[39m [37m/wd/hub/session/88a0fb5a-9f03-4056-9920-6e594a43dbd2/timeouts[39m
[38;5;0m[HTTP][0m [90m{"implicit":60000}[39m
[38;5;0m[HTTP][0m [37m<-- POST /wd/hub/session/88a0fb5a-9f03-4056-9920-6e594a43dbd2/timeouts [39m[32m200[39m [90m4 ms - 14[39m
[38;5;0m[HTTP][0m [90m[39m
[38;5;0m[HTTP][0m [37m-->[39m [37mGET[39m [37m/wd/hub/session/88a0fb5a-9f03-4056-9920-6e594a43dbd2/appium/device/system_bars[39m
[38;5;0m[HTTP][0m [90m{}[39m
[38;5;0m[HTTP][0m [37m<-- GET /wd/hub/session/88a0fb5a-9f03-4056-9920-6e594a43dbd2/appium/device/system_bars [39m[32m200[39m [90m191 ms - 151[39m
[38;5;0m[HTTP][0m [90m[39m
[38;5;0m[HTTP][0m [37m-->[39m [37mPOST[39m [37m/wd/hub/session/88a0fb5a-9f03-4056-9920-6e594a43dbd2/appium/device/activate_app[39m
[38;5;0m[HTTP][0m [90m{"bundleId":"com.solodroid.solomerce"}[39m
[38;5;0m[HTTP][0m [37m<-- POST /wd/hub/session/88a0fb5a-9f03-4056-9920-6e594a43dbd2/appium/device/activate_app [39m[32m200[39m [90m264 ms - 14[39m
[38;5;0m[HTTP][0m [90m[39m
[38;5;0m[HTTP][0m [37m-->[39m [37mGET[39m [37m/wd/hub/session/88a0fb5a-9f03-4056-9920-6e594a43dbd2/source[39m
[38;5;0m[HTTP][0m [90m{}[39m
[38;5;48m[AndroidUiautomator2Driver@7913 (88a0fb5a)][0m Driver proxy active, passing request on via HTTP proxy
[38;5;48m[AndroidUiautomator2Driver@7913 (88a0fb5a)][0m Replacing sessionId f3e41b1e-5858-4b2d-ab8f-63b420cd3b64 with 88a0fb5a-9f03-4056-9920-6e594a43dbd2
[38;5;0m[HTTP][0m [37m<-- GET /wd/hub/session/88a0fb5a-9f03-4056-9920-6e594a43dbd2/source [39m[32m200[39m [90m1362 ms - 17750[39m
[38;5;0m[HTTP][0m [90m[39m
[38;5;0m[HTTP][0m [37m-->[39m [37mGET[39m [37m/wd/hub/session/88a0fb5a-9f03-4056-9920-6e594a43dbd2/screenshot[39m
[38;5;0m[HTTP][0m [90m{}[39m
[38;5;0m[HTTP][0m [37m<-- GET /wd/hub/session/88a0fb5a-9f03-4056-9920-6e594a43dbd2/screenshot [39m[32m200[39m [90m1726 ms - 1357700[39m
[38;5;0m[HTTP][0m [90m[39m
[38;5;0m[HTTP][0m [37m-->[39m [37mGET[39m [37m/wd/hub/session/88a0fb5a-9f03-4056-9920-6e594a43dbd2/source[39m
[38;5;0m[HTTP][0m [90m{}[39m
[38;5;48m[AndroidUiautomator2Driver@7913 (88a0fb5a)][0m Driver proxy active, passing request on via HTTP proxy
[38;5;48m[AndroidUiautomator2Driver@7913 (88a0fb5a)][0m Replacing sessionId f3e41b1e-5858-4b2d-ab8f-63b420cd3b64 with 88a0fb5a-9f03-4056-9920-6e594a43dbd2
[38;5;0m[HTTP][0m [37m<-- GET /wd/hub/session/88a0fb5a-9f03-4056-9920-6e594a43dbd2/source [39m[32m200[39m [90m322 ms - 34524[39m
[38;5;0m[HTTP][0m [90m[39m
[38;5;0m[HTTP][0m [37m-->[39m [37mGET[39m [37m/wd/hub/session/88a0fb5a-9f03-4056-9920-6e594a43dbd2/screenshot[39m
[38;5;0m[HTTP][0m [90m{}[39m
[38;5;0m[HTTP][0m [37m<-- GET /wd/hub/session/88a0fb5a-9f03-4056-9920-6e594a43dbd2/screenshot [39m[32m200[39m [90m1624 ms - 1580000[39m
[38;5;0m[HTTP][0m [90m[39m
[38;5;0m[HTTP][0m [37m-->[39m [37mPOST[39m [37m/wd/hub/session/88a0fb5a-9f03-4056-9920-6e594a43dbd2/elements[39m
[38;5;0m[HTTP][0m [90m{"using":"xpath","value":"//*[@class = 'android.widget.ImageButton' and @resource-id = 'com.solodroid.solomerce:id/btn_add_cart' and (@text = '' or . = '')]"}[39m
[38;5;0m[HTTP][0m [37m<-- POST /wd/hub/session/88a0fb5a-9f03-4056-9920-6e594a43dbd2/elements [39m[32m200[39m [90m1971 ms - 139[39m
[38;5;0m[HTTP][0m [90m[39m
[38;5;0m[HTTP][0m [37m-->[39m [37mGET[39m [37m/wd/hub/session/88a0fb5a-9f03-4056-9920-6e594a43dbd2/window/rect[39m
[38;5;0m[HTTP][0m [90m{}[39m
[38;5;0m[HTTP][0m [37m<-- GET /wd/hub/session/88a0fb5a-9f03-4056-9920-6e594a43dbd2/window/rect [39m[32m200[39m [90m21 ms - 50[39m
[38;5;0m[HTTP][0m [90m[39m
[38;5;0m[HTTP][0m [37m-->[39m [37mPOST[39m [37m/wd/hub/session/88a0fb5a-9f03-4056-9920-6e594a43dbd2/elements[39m
[38;5;0m[HTTP][0m [90m{"using":"xpath","value":"//*[@class = 'android.widget.ImageButton' and @resource-id = 'com.solodroid.solomerce:id/btn_add_cart' and (@text = '' or . = '')]"}[39m
[38;5;0m[HTTP][0m [37m<-- POST /wd/hub/session/88a0fb5a-9f03-4056-9920-6e594a43dbd2/elements [39m[32m200[39m [90m396 ms - 139[39m
[38;5;0m[HTTP][0m [90m[39m
[38;5;0m[HTTP][0m [37m-->[39m [37mGET[39m [37m/wd/hub/session/88a0fb5a-9f03-4056-9920-6e594a43dbd2/element/00000000-0000-00ee-ffff-ffff00000017/location[39m
[38;5;0m[HTTP][0m [90m{}[39m
[38;5;48m[AndroidUiautomator2Driver@7913 (88a0fb5a)][0m Driver proxy active, passing request on via HTTP proxy
[38;5;48m[AndroidUiautomator2Driver@7913 (88a0fb5a)][0m Replacing sessionId f3e41b1e-5858-4b2d-ab8f-63b420cd3b64 with 88a0fb5a-9f03-4056-9920-6e594a43dbd2
[38;5;0m[HTTP][0m [37m<-- GET /wd/hub/session/88a0fb5a-9f03-4056-9920-6e594a43dbd2/element/00000000-0000-00ee-ffff-ffff00000017/location [39m[32m200[39m [90m33 ms - 77[39m
[38;5;0m[HTTP][0m [90m[39m
[38;5;0m[HTTP][0m [37m-->[39m [37mPOST[39m [37m/wd/hub/session/88a0fb5a-9f03-4056-9920-6e594a43dbd2/element/00000000-0000-00ee-ffff-ffff00000017/click[39m
[38;5;0m[HTTP][0m [90m{"id":"00000000-0000-00ee-ffff-ffff00000017"}[39m
[38;5;0m[HTTP][0m [37m<-- POST /wd/hub/session/88a0fb5a-9f03-4056-9920-6e594a43dbd2/element/00000000-0000-00ee-ffff-ffff00000017/click [39m[32m200[39m [90m93 ms - 14[39m
[38;5;0m[HTTP][0m [90m[39m
[38;5;0m[HTTP][0m [37m-->[39m [37mGET[39m [37m/wd/hub/session/88a0fb5a-9f03-4056-9920-6e594a43dbd2/source[39m
[38;5;0m[HTTP][0m [90m{}[39m
[38;5;48m[AndroidUiautomator2Driver@7913 (88a0fb5a)][0m Driver proxy active, passing request on via HTTP proxy
[38;5;48m[AndroidUiautomator2Driver@7913 (88a0fb5a)][0m Replacing sessionId f3e41b1e-5858-4b2d-ab8f-63b420cd3b64 with 88a0fb5a-9f03-4056-9920-6e594a43dbd2
[38;5;0m[HTTP][0m [37m<-- GET /wd/hub/session/88a0fb5a-9f03-4056-9920-6e594a43dbd2/source [39m[32m200[39m [90m1055 ms - 16053[39m
[38;5;0m[HTTP][0m [90m[39m
[38;5;0m[HTTP][0m [37m-->[39m [37mGET[39m [37m/wd/hub/session/88a0fb5a-9f03-4056-9920-6e594a43dbd2/screenshot[39m
[38;5;0m[HTTP][0m [90m{}[39m
[38;5;0m[HTTP][0m [37m<-- GET /wd/hub/session/88a0fb5a-9f03-4056-9920-6e594a43dbd2/screenshot [39m[32m200[39m [90m696 ms - 161768[39m
[38;5;0m[HTTP][0m [90m[39m
[38;5;0m[HTTP][0m [37m-->[39m [37mPOST[39m [37m/wd/hub/session/88a0fb5a-9f03-4056-9920-6e594a43dbd2/elements[39m
[38;5;0m[HTTP][0m [90m{"using":"xpath","value":"//*[@class = 'android.widget.Button' and (@text = 'CHECKOUT' or . = 'CHECKOUT') and @resource-id = 'com.solodroid.solomerce:id/btn_checkout']"}[39m
[38;5;0m[HTTP][0m [37m<-- POST /wd/hub/session/88a0fb5a-9f03-4056-9920-6e594a43dbd2/elements [39m[32m200[39m [90m223 ms - 139[39m
[38;5;0m[HTTP][0m [90m[39m
[38;5;0m[HTTP][0m [37m-->[39m [37mGET[39m [37m/wd/hub/session/88a0fb5a-9f03-4056-9920-6e594a43dbd2/window/rect[39m
[38;5;0m[HTTP][0m [90m{}[39m
[38;5;0m[HTTP][0m [37m<-- GET /wd/hub/session/88a0fb5a-9f03-4056-9920-6e594a43dbd2/window/rect [39m[32m200[39m [90m17 ms - 50[39m
[38;5;0m[HTTP][0m [90m[39m
[38;5;0m[HTTP][0m [37m-->[39m [37mPOST[39m [37m/wd/hub/session/88a0fb5a-9f03-4056-9920-6e594a43dbd2/elements[39m
[38;5;0m[HTTP][0m [90m{"using":"xpath","value":"//*[@class = 'android.widget.Button' and (@text = 'CHECKOUT' or . = 'CHECKOUT') and @resource-id = 'com.solodroid.solomerce:id/btn_checkout']"}[39m
[38;5;0m[HTTP][0m [37m<-- POST /wd/hub/session/88a0fb5a-9f03-4056-9920-6e594a43dbd2/elements [39m[32m200[39m [90m229 ms - 139[39m
[38;5;0m[HTTP][0m [90m[39m
[38;5;0m[HTTP][0m [37m-->[39m [37mGET[39m [37m/wd/hub/session/88a0fb5a-9f03-4056-9920-6e594a43dbd2/element/00000000-0000-00f7-ffff-ffff0000013b/location[39m
[38;5;0m[HTTP][0m [90m{}[39m
[38;5;48m[AndroidUiautomator2Driver@7913 (88a0fb5a)][0m Driver proxy active, passing request on via HTTP proxy
[38;5;48m[AndroidUiautomator2Driver@7913 (88a0fb5a)][0m Replacing sessionId f3e41b1e-5858-4b2d-ab8f-63b420cd3b64 with 88a0fb5a-9f03-4056-9920-6e594a43dbd2
[38;5;0m[HTTP][0m [37m<-- GET /wd/hub/session/88a0fb5a-9f03-4056-9920-6e594a43dbd2/element/00000000-0000-00f7-ffff-ffff0000013b/location [39m[32m200[39m [90m26 ms - 79[39m
[38;5;0m[HTTP][0m [90m[39m
[38;5;0m[HTTP][0m [37m-->[39m [37mPOST[39m [37m/wd/hub/session/88a0fb5a-9f03-4056-9920-6e594a43dbd2/element/00000000-0000-00f7-ffff-ffff0000013b/click[39m
[38;5;0m[HTTP][0m [90m{"id":"00000000-0000-00f7-ffff-ffff0000013b"}[39m
[38;5;0m[HTTP][0m [37m<-- POST /wd/hub/session/88a0fb5a-9f03-4056-9920-6e594a43dbd2/element/00000000-0000-00f7-ffff-ffff0000013b/click [39m[32m200[39m [90m86 ms - 14[39m
[38;5;0m[HTTP][0m [90m[39m
[38;5;0m[HTTP][0m [37m-->[39m [37mGET[39m [37m/wd/hub/session/88a0fb5a-9f03-4056-9920-6e594a43dbd2/source[39m
[38;5;0m[HTTP][0m [90m{}[39m
[38;5;48m[AndroidUiautomator2Driver@7913 (88a0fb5a)][0m Driver proxy active, passing request on via HTTP proxy
[38;5;48m[AndroidUiautomator2Driver@7913 (88a0fb5a)][0m Replacing sessionId f3e41b1e-5858-4b2d-ab8f-63b420cd3b64 with 88a0fb5a-9f03-4056-9920-6e594a43dbd2
[38;5;0m[HTTP][0m [37m<-- GET /wd/hub/session/88a0fb5a-9f03-4056-9920-6e594a43dbd2/source [39m[32m200[39m [90m1523 ms - 17921[39m
[38;5;0m[HTTP][0m [90m[39m
[38;5;0m[HTTP][0m [37m-->[39m [37mGET[39m [37m/wd/hub/session/88a0fb5a-9f03-4056-9920-6e594a43dbd2/screenshot[39m
[38;5;0m[HTTP][0m [90m{}[39m
[38;5;0m[HTTP][0m [37m<-- GET /wd/hub/session/88a0fb5a-9f03-4056-9920-6e594a43dbd2/screenshot [39m[32m200[39m [90m676 ms - 191404[39m
[38;5;0m[HTTP][0m [90m[39m
[38;5;0m[HTTP][0m [37m-->[39m [37mPOST[39m [37m/wd/hub/session/88a0fb5a-9f03-4056-9920-6e594a43dbd2/elements[39m
[38;5;0m[HTTP][0m [90m{"using":"xpath","value":"//*[@class = 'android.widget.EditText' and (@text = 'Your Name' or . = 'Your Name') and @resource-id = 'com.solodroid.solomerce:id/edt_name']"}[39m
[38;5;0m[HTTP][0m [37m<-- POST /wd/hub/session/88a0fb5a-9f03-4056-9920-6e594a43dbd2/elements [39m[32m200[39m [90m285 ms - 139[39m
[38;5;0m[HTTP][0m [90m[39m
[38;5;0m[HTTP][0m [37m-->[39m [37mGET[39m [37m/wd/hub/session/88a0fb5a-9f03-4056-9920-6e594a43dbd2/window/rect[39m
[38;5;0m[HTTP][0m [90m{}[39m
[38;5;0m[HTTP][0m [37m<-- GET /wd/hub/session/88a0fb5a-9f03-4056-9920-6e594a43dbd2/window/rect [39m[32m200[39m [90m19 ms - 50[39m
[38;5;0m[HTTP][0m [90m[39m
[38;5;0m[HTTP][0m [37m-->[39m [37mPOST[39m [37m/wd/hub/session/88a0fb5a-9f03-4056-9920-6e594a43dbd2/elements[39m
[38;5;0m[HTTP][0m [90m{"using":"xpath","value":"//*[@class = 'android.widget.EditText' and (@text = 'Your Name' or . = 'Your Name') and @resource-id = 'com.solodroid.solomerce:id/edt_name']"}[39m
[38;5;0m[HTTP][0m [37m<-- POST /wd/hub/session/88a0fb5a-9f03-4056-9920-6e594a43dbd2/elements [39m[32m200[39m [90m269 ms - 139[39m
[38;5;0m[HTTP][0m [90m[39m
[38;5;0m[HTTP][0m [37m-->[39m [37mGET[39m [37m/wd/hub/session/88a0fb5a-9f03-4056-9920-6e594a43dbd2/element/00000000-0000-00f8-ffff-ffff00000161/location[39m
[38;5;0m[HTTP][0m [90m{}[39m
[38;5;48m[AndroidUiautomator2Driver@7913 (88a0fb5a)][0m Driver proxy active, passing request on via HTTP proxy
[38;5;48m[AndroidUiautomator2Driver@7913 (88a0fb5a)][0m Replacing sessionId f3e41b1e-5858-4b2d-ab8f-63b420cd3b64 with 88a0fb5a-9f03-4056-9920-6e594a43dbd2
[38;5;0m[HTTP][0m [37m<-- GET /wd/hub/session/88a0fb5a-9f03-4056-9920-6e594a43dbd2/element/00000000-0000-00f8-ffff-ffff00000161/location [39m[32m200[39m [90m27 ms - 77[39m
[38;5;0m[HTTP][0m [90m[39m
[38;5;0m[HTTP][0m [37m-->[39m [37mPOST[39m [37m/wd/hub/session/88a0fb5a-9f03-4056-9920-6e594a43dbd2/element/00000000-0000-00f8-ffff-ffff00000161/clear[39m
[38;5;0m[HTTP][0m [90m{"id":"00000000-0000-00f8-ffff-ffff00000161"}[39m
[38;5;0m[HTTP][0m [37m<-- POST /wd/hub/session/88a0fb5a-9f03-4056-9920-6e594a43dbd2/element/00000000-0000-00f8-ffff-ffff00000161/clear [39m[32m200[39m [90m32 ms - 14[39m
[38;5;0m[HTTP][0m [90m[39m
[38;5;0m[HTTP][0m [37m-->[39m [37mPOST[39m [37m/wd/hub/session/88a0fb5a-9f03-4056-9920-6e594a43dbd2/element/00000000-0000-00f8-ffff-ffff00000161/click[39m
[38;5;0m[HTTP][0m [90m{"id":"00000000-0000-00f8-ffff-ffff00000161"}[39m
[38;5;0m[HTTP][0m [37m<-- POST /wd/hub/session/88a0fb5a-9f03-4056-9920-6e594a43dbd2/element/00000000-0000-00f8-ffff-ffff00000161/click [39m[32m200[39m [90m964 ms - 14[39m
[38;5;0m[HTTP][0m [90m[39m
[38;5;0m[HTTP][0m [37m-->[39m [37mPOST[39m [37m/wd/hub/session/88a0fb5a-9f03-4056-9920-6e594a43dbd2/element/00000000-0000-00f8-ffff-ffff00000161/value[39m
[38;5;0m[HTTP][0m [90m{"id":"00000000-0000-00f8-ffff-ffff00000161","text":"Fariz","value":["F","a","r","i","z"]}[39m
[38;5;0m[HTTP][0m [37m<-- POST /wd/hub/session/88a0fb5a-9f03-4056-9920-6e594a43dbd2/element/00000000-0000-00f8-ffff-ffff00000161/value [39m[32m200[39m [90m1818 ms - 14[39m
[38;5;0m[HTTP][0m [90m[39m
[38;5;0m[HTTP][0m [37m-->[39m [37mGET[39m [37m/wd/hub/session/88a0fb5a-9f03-4056-9920-6e594a43dbd2/source[39m
[38;5;0m[HTTP][0m [90m{}[39m
[38;5;48m[AndroidUiautomator2Driver@7913 (88a0fb5a)][0m Driver proxy active, passing request on via HTTP proxy
[38;5;48m[AndroidUiautomator2Driver@7913 (88a0fb5a)][0m Replacing sessionId f3e41b1e-5858-4b2d-ab8f-63b420cd3b64 with 88a0fb5a-9f03-4056-9920-6e594a43dbd2
[38;5;0m[HTTP][0m [37m<-- GET /wd/hub/session/88a0fb5a-9f03-4056-9920-6e594a43dbd2/source [39m[32m200[39m [90m624 ms - 13263[39m
[38;5;0m[HTTP][0m [90m[39m
[38;5;0m[HTTP][0m [37m-->[39m [37mGET[39m [37m/wd/hub/session/88a0fb5a-9f03-4056-9920-6e594a43dbd2/screenshot[39m
[38;5;0m[HTTP][0m [90m{}[39m
[38;5;0m[HTTP][0m [37m<-- GET /wd/hub/session/88a0fb5a-9f03-4056-9920-6e594a43dbd2/screenshot [39m[32m200[39m [90m735 ms - 209288[39m
[38;5;0m[HTTP][0m [90m[39m
[38;5;0m[HTTP][0m [37m-->[39m [37mPOST[39m [37m/wd/hub/session/88a0fb5a-9f03-4056-9920-6e594a43dbd2/elements[39m
[38;5;0m[HTTP][0m [90m{"using":"xpath","value":"//*[@class = 'android.widget.EditText' and (@text = 'your.email@gmail.com' or . = 'your.email@gmail.com') and @resource-id = 'com.solodroid.solomerce:id/edt_email']"}[39m
[38;5;0m[HTTP][0m [37m<-- POST /wd/hub/session/88a0fb5a-9f03-4056-9920-6e594a43dbd2/elements [39m[32m200[39m [90m248 ms - 139[39m
[38;5;0m[HTTP][0m [90m[39m
[38;5;0m[HTTP][0m [37m-->[39m [37mGET[39m [37m/wd/hub/session/88a0fb5a-9f03-4056-9920-6e594a43dbd2/window/rect[39m
[38;5;0m[HTTP][0m [90m{}[39m
[38;5;0m[HTTP][0m [37m<-- GET /wd/hub/session/88a0fb5a-9f03-4056-9920-6e594a43dbd2/window/rect [39m[32m200[39m [90m20 ms - 50[39m
[38;5;0m[HTTP][0m [90m[39m
[38;5;0m[HTTP][0m [37m-->[39m [37mPOST[39m [37m/wd/hub/session/88a0fb5a-9f03-4056-9920-6e594a43dbd2/elements[39m
[38;5;0m[HTTP][0m [90m{"using":"xpath","value":"//*[@class = 'android.widget.EditText' and (@text = 'your.email@gmail.com' or . = 'your.email@gmail.com') and @resource-id = 'com.solodroid.solomerce:id/edt_email']"}[39m
[38;5;0m[HTTP][0m [37m<-- POST /wd/hub/session/88a0fb5a-9f03-4056-9920-6e594a43dbd2/elements [39m[32m200[39m [90m228 ms - 139[39m
[38;5;0m[HTTP][0m [90m[39m
[38;5;0m[HTTP][0m [37m-->[39m [37mGET[39m [37m/wd/hub/session/88a0fb5a-9f03-4056-9920-6e594a43dbd2/element/00000000-0000-00f8-ffff-ffff0000016d/location[39m
[38;5;0m[HTTP][0m [90m{}[39m
[38;5;48m[AndroidUiautomator2Driver@7913 (88a0fb5a)][0m Driver proxy active, passing request on via HTTP proxy
[38;5;48m[AndroidUiautomator2Driver@7913 (88a0fb5a)][0m Replacing sessionId f3e41b1e-5858-4b2d-ab8f-63b420cd3b64 with 88a0fb5a-9f03-4056-9920-6e594a43dbd2
[38;5;0m[HTTP][0m [37m<-- GET /wd/hub/session/88a0fb5a-9f03-4056-9920-6e594a43dbd2/element/00000000-0000-00f8-ffff-ffff0000016d/location [39m[32m200[39m [90m28 ms - 77[39m
[38;5;0m[HTTP][0m [90m[39m
[38;5;0m[HTTP][0m [37m-->[39m [37mPOST[39m [37m/wd/hub/session/88a0fb5a-9f03-4056-9920-6e594a43dbd2/element/00000000-0000-00f8-ffff-ffff0000016d/clear[39m
[38;5;0m[HTTP][0m [90m{"id":"00000000-0000-00f8-ffff-ffff0000016d"}[39m
[38;5;0m[HTTP][0m [37m<-- POST /wd/hub/session/88a0fb5a-9f03-4056-9920-6e594a43dbd2/element/00000000-0000-00f8-ffff-ffff0000016d/clear [39m[32m200[39m [90m30 ms - 14[39m
[38;5;0m[HTTP][0m [90m[39m
[38;5;0m[HTTP][0m [37m-->[39m [37mPOST[39m [37m/wd/hub/session/88a0fb5a-9f03-4056-9920-6e594a43dbd2/element/00000000-0000-00f8-ffff-ffff0000016d/click[39m
[38;5;0m[HTTP][0m [90m{"id":"00000000-0000-00f8-ffff-ffff0000016d"}[39m
[38;5;0m[HTTP][0m [37m<-- POST /wd/hub/session/88a0fb5a-9f03-4056-9920-6e594a43dbd2/element/00000000-0000-00f8-ffff-ffff0000016d/click [39m[32m200[39m [90m1275 ms - 14[39m
[38;5;0m[HTTP][0m [90m[39m
[38;5;0m[HTTP][0m [37m-->[39m [37mPOST[39m [37m/wd/hub/session/88a0fb5a-9f03-4056-9920-6e594a43dbd2/element/00000000-0000-00f8-ffff-ffff0000016d/value[39m
[38;5;0m[HTTP][0m [90m{"id":"00000000-0000-00f8-ffff-ffff0000016d","text":"Fariz@gmail.com","value":["F","a","r","i","z","@","g","m","a","i","l",".","c","o","m"]}[39m
[38;5;0m[HTTP][0m [37m<-- POST /wd/hub/session/88a0fb5a-9f03-4056-9920-6e594a43dbd2/element/00000000-0000-00f8-ffff-ffff0000016d/value [39m[32m200[39m [90m718 ms - 14[39m
[38;5;0m[HTTP][0m [90m[39m
[38;5;0m[HTTP][0m [37m-->[39m [37mGET[39m [37m/wd/hub/session/88a0fb5a-9f03-4056-9920-6e594a43dbd2/source[39m
[38;5;0m[HTTP][0m [90m{}[39m
[38;5;48m[AndroidUiautomator2Driver@7913 (88a0fb5a)][0m Driver proxy active, passing request on via HTTP proxy
[38;5;48m[AndroidUiautomator2Driver@7913 (88a0fb5a)][0m Replacing sessionId f3e41b1e-5858-4b2d-ab8f-63b420cd3b64 with 88a0fb5a-9f03-4056-9920-6e594a43dbd2
[38;5;0m[HTTP][0m [37m<-- GET /wd/hub/session/88a0fb5a-9f03-4056-9920-6e594a43dbd2/source [39m[32m200[39m [90m230 ms - 13258[39m
[38;5;0m[HTTP][0m [90m[39m
[38;5;0m[HTTP][0m [37m-->[39m [37mGET[39m [37m/wd/hub/session/88a0fb5a-9f03-4056-9920-6e594a43dbd2/screenshot[39m
[38;5;0m[HTTP][0m [90m{}[39m
[38;5;0m[HTTP][0m [37m<-- GET /wd/hub/session/88a0fb5a-9f03-4056-9920-6e594a43dbd2/screenshot [39m[32m200[39m [90m792 ms - 208644[39m
[38;5;0m[HTTP][0m [90m[39m
[38;5;0m[HTTP][0m [37m-->[39m [37mPOST[39m [37m/wd/hub/session/88a0fb5a-9f03-4056-9920-6e594a43dbd2/elements[39m
[38;5;0m[HTTP][0m [90m{"using":"xpath","value":"//*[@class = 'android.widget.EditText' and (@text = 'Your Address' or . = 'Your Address') and @resource-id = 'com.solodroid.solomerce:id/edt_address']"}[39m
[38;5;0m[HTTP][0m [37m<-- POST /wd/hub/session/88a0fb5a-9f03-4056-9920-6e594a43dbd2/elements [39m[32m200[39m [90m243 ms - 139[39m
[38;5;0m[HTTP][0m [90m[39m
[38;5;0m[HTTP][0m [37m-->[39m [37mGET[39m [37m/wd/hub/session/88a0fb5a-9f03-4056-9920-6e594a43dbd2/window/rect[39m
[38;5;0m[HTTP][0m [90m{}[39m
[38;5;0m[HTTP][0m [37m<-- GET /wd/hub/session/88a0fb5a-9f03-4056-9920-6e594a43dbd2/window/rect [39m[32m200[39m [90m27 ms - 50[39m
[38;5;0m[HTTP][0m [90m[39m
[38;5;0m[HTTP][0m [37m-->[39m [37mPOST[39m [37m/wd/hub/session/88a0fb5a-9f03-4056-9920-6e594a43dbd2/elements[39m
[38;5;0m[HTTP][0m [90m{"using":"xpath","value":"//*[@class = 'android.widget.EditText' and (@text = 'Your Address' or . = 'Your Address') and @resource-id = 'com.solodroid.solomerce:id/edt_address']"}[39m
[38;5;0m[HTTP][0m [37m<-- POST /wd/hub/session/88a0fb5a-9f03-4056-9920-6e594a43dbd2/elements [39m[32m200[39m [90m230 ms - 139[39m
[38;5;0m[HTTP][0m [90m[39m
[38;5;0m[HTTP][0m [37m-->[39m [37mGET[39m [37m/wd/hub/session/88a0fb5a-9f03-4056-9920-6e594a43dbd2/element/00000000-0000-00f8-ffff-ffff00000185/location[39m
[38;5;0m[HTTP][0m [90m{}[39m
[38;5;48m[AndroidUiautomator2Driver@7913 (88a0fb5a)][0m Driver proxy active, passing request on via HTTP proxy
[38;5;48m[AndroidUiautomator2Driver@7913 (88a0fb5a)][0m Replacing sessionId f3e41b1e-5858-4b2d-ab8f-63b420cd3b64 with 88a0fb5a-9f03-4056-9920-6e594a43dbd2
[38;5;0m[HTTP][0m [37m<-- GET /wd/hub/session/88a0fb5a-9f03-4056-9920-6e594a43dbd2/element/00000000-0000-00f8-ffff-ffff00000185/location [39m[32m200[39m [90m29 ms - 77[39m
[38;5;0m[HTTP][0m [90m[39m
[38;5;0m[HTTP][0m [37m-->[39m [37mPOST[39m [37m/wd/hub/session/88a0fb5a-9f03-4056-9920-6e594a43dbd2/element/00000000-0000-00f8-ffff-ffff00000185/clear[39m
[38;5;0m[HTTP][0m [90m{"id":"00000000-0000-00f8-ffff-ffff00000185"}[39m
[38;5;0m[HTTP][0m [37m<-- POST /wd/hub/session/88a0fb5a-9f03-4056-9920-6e594a43dbd2/element/00000000-0000-00f8-ffff-ffff00000185/clear [39m[32m200[39m [90m38 ms - 14[39m
[38;5;0m[HTTP][0m [90m[39m
[38;5;0m[HTTP][0m [37m-->[39m [37mPOST[39m [37m/wd/hub/session/88a0fb5a-9f03-4056-9920-6e594a43dbd2/element/00000000-0000-00f8-ffff-ffff00000185/click[39m
[38;5;0m[HTTP][0m [90m{"id":"00000000-0000-00f8-ffff-ffff00000185"}[39m
[38;5;0m[HTTP][0m [37m<-- POST /wd/hub/session/88a0fb5a-9f03-4056-9920-6e594a43dbd2/element/00000000-0000-00f8-ffff-ffff00000185/click [39m[32m200[39m [90m567 ms - 14[39m
[38;5;0m[HTTP][0m [90m[39m
[38;5;0m[HTTP][0m [37m-->[39m [37mPOST[39m [37m/wd/hub/session/88a0fb5a-9f03-4056-9920-6e594a43dbd2/element/00000000-0000-00f8-ffff-ffff00000185/value[39m
[38;5;0m[HTTP][0m [90m{"id":"00000000-0000-00f8-ffff-ffff00000185","text":"Rukita sama kamu","value":["R","u","k","i","t","a"," ","s","a","m","a"," ","k","a","m","u"]}[39m
[38;5;0m[HTTP][0m [37m<-- POST /wd/hub/session/88a0fb5a-9f03-4056-9920-6e594a43dbd2/element/00000000-0000-00f8-ffff-ffff00000185/value [39m[32m200[39m [90m1355 ms - 14[39m
[38;5;0m[HTTP][0m [90m[39m
[38;5;0m[HTTP][0m [37m-->[39m [37mGET[39m [37m/wd/hub/session/88a0fb5a-9f03-4056-9920-6e594a43dbd2/source[39m
[38;5;0m[HTTP][0m [90m{}[39m
[38;5;48m[AndroidUiautomator2Driver@7913 (88a0fb5a)][0m Driver proxy active, passing request on via HTTP proxy
[38;5;48m[AndroidUiautomator2Driver@7913 (88a0fb5a)][0m Replacing sessionId f3e41b1e-5858-4b2d-ab8f-63b420cd3b64 with 88a0fb5a-9f03-4056-9920-6e594a43dbd2
[38;5;0m[HTTP][0m [37m<-- GET /wd/hub/session/88a0fb5a-9f03-4056-9920-6e594a43dbd2/source [39m[32m200[39m [90m321 ms - 13262[39m
[38;5;0m[HTTP][0m [90m[39m
[38;5;0m[HTTP][0m [37m-->[39m [37mGET[39m [37m/wd/hub/session/88a0fb5a-9f03-4056-9920-6e594a43dbd2/screenshot[39m
[38;5;0m[HTTP][0m [90m{}[39m
[38;5;0m[HTTP][0m [37m<-- GET /wd/hub/session/88a0fb5a-9f03-4056-9920-6e594a43dbd2/screenshot [39m[32m200[39m [90m836 ms - 206788[39m
[38;5;0m[HTTP][0m [90m[39m
[38;5;0m[HTTP][0m [37m-->[39m [37mGET[39m [37m/wd/hub/session/88a0fb5a-9f03-4056-9920-6e594a43dbd2/context[39m
[38;5;0m[HTTP][0m [90m{}[39m
[38;5;0m[HTTP][0m [37m<-- GET /wd/hub/session/88a0fb5a-9f03-4056-9920-6e594a43dbd2/context [39m[32m200[39m [90m2 ms - 22[39m
[38;5;0m[HTTP][0m [90m[39m
[38;5;0m[HTTP][0m [37m-->[39m [37mGET[39m [37m/wd/hub/session/88a0fb5a-9f03-4056-9920-6e594a43dbd2/contexts[39m
[38;5;0m[HTTP][0m [90m{}[39m
[38;5;0m[HTTP][0m [37m<-- GET /wd/hub/session/88a0fb5a-9f03-4056-9920-6e594a43dbd2/contexts [39m[32m200[39m [90m469 ms - 58[39m
[38;5;0m[HTTP][0m [90m[39m
[38;5;0m[HTTP][0m [37m-->[39m [37mPOST[39m [37m/wd/hub/session/88a0fb5a-9f03-4056-9920-6e594a43dbd2/context[39m
[38;5;0m[HTTP][0m [90m{"name":"NATIVE_APP"}[39m
[38;5;0m[HTTP][0m [37m<-- POST /wd/hub/session/88a0fb5a-9f03-4056-9920-6e594a43dbd2/context [39m[32m200[39m [90m2 ms - 14[39m
[38;5;0m[HTTP][0m [90m[39m
[38;5;0m[HTTP][0m [37m-->[39m [37mPOST[39m [37m/wd/hub/session/88a0fb5a-9f03-4056-9920-6e594a43dbd2/appium/device/hide_keyboard[39m
[38;5;0m[HTTP][0m [90m{}[39m
[38;5;0m[HTTP][0m [37m<-- POST /wd/hub/session/88a0fb5a-9f03-4056-9920-6e594a43dbd2/appium/device/hide_keyboard [39m[32m200[39m [90m1130 ms - 14[39m
[38;5;0m[HTTP][0m [90m[39m
[38;5;0m[HTTP][0m [37m-->[39m [37mPOST[39m [37m/wd/hub/session/88a0fb5a-9f03-4056-9920-6e594a43dbd2/context[39m
[38;5;0m[HTTP][0m [90m{"name":"NATIVE_APP"}[39m
[38;5;0m[HTTP][0m [37m<-- POST /wd/hub/session/88a0fb5a-9f03-4056-9920-6e594a43dbd2/context [39m[32m200[39m [90m2 ms - 14[39m
[38;5;0m[HTTP][0m [90m[39m
[38;5;0m[HTTP][0m [37m-->[39m [37mGET[39m [37m/wd/hub/session/88a0fb5a-9f03-4056-9920-6e594a43dbd2/source[39m
[38;5;0m[HTTP][0m [90m{}[39m
[38;5;48m[AndroidUiautomator2Driver@7913 (88a0fb5a)][0m Driver proxy active, passing request on via HTTP proxy
[38;5;48m[AndroidUiautomator2Driver@7913 (88a0fb5a)][0m Replacing sessionId f3e41b1e-5858-4b2d-ab8f-63b420cd3b64 with 88a0fb5a-9f03-4056-9920-6e594a43dbd2
[38;5;0m[HTTP][0m [37m<-- GET /wd/hub/session/88a0fb5a-9f03-4056-9920-6e594a43dbd2/source [39m[32m200[39m [90m190 ms - 17915[39m
[38;5;0m[HTTP][0m [90m[39m
[38;5;0m[HTTP][0m [37m-->[39m [37mGET[39m [37m/wd/hub/session/88a0fb5a-9f03-4056-9920-6e594a43dbd2/screenshot[39m
[38;5;0m[HTTP][0m [90m{}[39m
[38;5;0m[HTTP][0m [37m<-- GET /wd/hub/session/88a0fb5a-9f03-4056-9920-6e594a43dbd2/screenshot [39m[32m200[39m [90m655 ms - 182980[39m
[38;5;0m[HTTP][0m [90m[39m
[38;5;0m[HTTP][0m [37m-->[39m [37mPOST[39m [37m/wd/hub/session/88a0fb5a-9f03-4056-9920-6e594a43dbd2/elements[39m
[38;5;0m[HTTP][0m [90m{"using":"xpath","value":"//*[@class = 'android.widget.Button' and (@text = 'PROCESS CHECKOUT' or . = 'PROCESS CHECKOUT') and @resource-id = 'com.solodroid.solomerce:id/btn_submit_order']"}[39m
[38;5;0m[HTTP][0m [37m<-- POST /wd/hub/session/88a0fb5a-9f03-4056-9920-6e594a43dbd2/elements [39m[32m200[39m [90m299 ms - 139[39m
[38;5;0m[HTTP][0m [90m[39m
[38;5;0m[HTTP][0m [37m-->[39m [37mGET[39m [37m/wd/hub/session/88a0fb5a-9f03-4056-9920-6e594a43dbd2/window/rect[39m
[38;5;0m[HTTP][0m [90m{}[39m
[38;5;0m[HTTP][0m [37m<-- GET /wd/hub/session/88a0fb5a-9f03-4056-9920-6e594a43dbd2/window/rect [39m[32m200[39m [90m19 ms - 50[39m
[38;5;0m[HTTP][0m [90m[39m
[38;5;0m[HTTP][0m [37m-->[39m [37mPOST[39m [37m/wd/hub/session/88a0fb5a-9f03-4056-9920-6e594a43dbd2/elements[39m
[38;5;0m[HTTP][0m [90m{"using":"xpath","value":"//*[@class = 'android.widget.Button' and (@text = 'PROCESS CHECKOUT' or . = 'PROCESS CHECKOUT') and @resource-id = 'com.solodroid.solomerce:id/btn_submit_order']"}[39m
[38;5;0m[HTTP][0m [37m<-- POST /wd/hub/session/88a0fb5a-9f03-4056-9920-6e594a43dbd2/elements [39m[32m200[39m [90m244 ms - 139[39m
[38;5;0m[HTTP][0m [90m[39m
[38;5;0m[HTTP][0m [37m-->[39m [37mGET[39m [37m/wd/hub/session/88a0fb5a-9f03-4056-9920-6e594a43dbd2/element/00000000-0000-00f8-ffff-ffff000001c2/location[39m
[38;5;0m[HTTP][0m [90m{}[39m
[38;5;48m[AndroidUiautomator2Driver@7913 (88a0fb5a)][0m Driver proxy active, passing request on via HTTP proxy
[38;5;48m[AndroidUiautomator2Driver@7913 (88a0fb5a)][0m Replacing sessionId f3e41b1e-5858-4b2d-ab8f-63b420cd3b64 with 88a0fb5a-9f03-4056-9920-6e594a43dbd2
[38;5;0m[HTTP][0m [37m<-- GET /wd/hub/session/88a0fb5a-9f03-4056-9920-6e594a43dbd2/element/00000000-0000-00f8-ffff-ffff000001c2/location [39m[32m200[39m [90m28 ms - 77[39m
[38;5;0m[HTTP][0m [90m[39m
[38;5;0m[HTTP][0m [37m-->[39m [37mPOST[39m [37m/wd/hub/session/88a0fb5a-9f03-4056-9920-6e594a43dbd2/element/00000000-0000-00f8-ffff-ffff000001c2/click[39m
[38;5;0m[HTTP][0m [90m{"id":"00000000-0000-00f8-ffff-ffff000001c2"}[39m
[38;5;0m[HTTP][0m [37m<-- POST /wd/hub/session/88a0fb5a-9f03-4056-9920-6e594a43dbd2/element/00000000-0000-00f8-ffff-ffff000001c2/click [39m[32m200[39m [90m93 ms - 14[39m
[38;5;0m[HTTP][0m [90m[39m
[38;5;0m[HTTP][0m [37m-->[39m [37mGET[39m [37m/wd/hub/session/88a0fb5a-9f03-4056-9920-6e594a43dbd2/source[39m
[38;5;0m[HTTP][0m [90m{}[39m
[38;5;48m[AndroidUiautomator2Driver@7913 (88a0fb5a)][0m Driver proxy active, passing request on via HTTP proxy
[38;5;48m[AndroidUiautomator2Driver@7913 (88a0fb5a)][0m Replacing sessionId f3e41b1e-5858-4b2d-ab8f-63b420cd3b64 with 88a0fb5a-9f03-4056-9920-6e594a43dbd2
[38;5;0m[HTTP][0m [37m<-- GET /wd/hub/session/88a0fb5a-9f03-4056-9920-6e594a43dbd2/source [39m[32m200[39m [90m770 ms - 7329[39m
[38;5;0m[HTTP][0m [90m[39m
[38;5;0m[HTTP][0m [37m-->[39m [37mGET[39m [37m/wd/hub/session/88a0fb5a-9f03-4056-9920-6e594a43dbd2/screenshot[39m
[38;5;0m[HTTP][0m [90m{}[39m
[38;5;0m[HTTP][0m [37m<-- GET /wd/hub/session/88a0fb5a-9f03-4056-9920-6e594a43dbd2/screenshot [39m[32m200[39m [90m746 ms - 182640[39m
[38;5;0m[HTTP][0m [90m[39m
[38;5;0m[HTTP][0m [37m-->[39m [37mPOST[39m [37m/wd/hub/session/88a0fb5a-9f03-4056-9920-6e594a43dbd2/elements[39m
[38;5;0m[HTTP][0m [90m{"using":"xpath","value":"//*[@class = 'android.widget.Button' and (@text = 'YES' or . = 'YES') and @resource-id = 'android:id/button1']"}[39m
[38;5;0m[HTTP][0m [37m<-- POST /wd/hub/session/88a0fb5a-9f03-4056-9920-6e594a43dbd2/elements [39m[32m200[39m [90m165 ms - 139[39m
[38;5;0m[HTTP][0m [90m[39m
[38;5;0m[HTTP][0m [37m-->[39m [37mGET[39m [37m/wd/hub/session/88a0fb5a-9f03-4056-9920-6e594a43dbd2/window/rect[39m
[38;5;0m[HTTP][0m [90m{}[39m
[38;5;0m[HTTP][0m [37m<-- GET /wd/hub/session/88a0fb5a-9f03-4056-9920-6e594a43dbd2/window/rect [39m[32m200[39m [90m18 ms - 50[39m
[38;5;0m[HTTP][0m [90m[39m
[38;5;0m[HTTP][0m [37m-->[39m [37mPOST[39m [37m/wd/hub/session/88a0fb5a-9f03-4056-9920-6e594a43dbd2/elements[39m
[38;5;0m[HTTP][0m [90m{"using":"xpath","value":"//*[@class = 'android.widget.Button' and (@text = 'YES' or . = 'YES') and @resource-id = 'android:id/button1']"}[39m
[38;5;0m[HTTP][0m [37m<-- POST /wd/hub/session/88a0fb5a-9f03-4056-9920-6e594a43dbd2/elements [39m[32m200[39m [90m147 ms - 139[39m
[38;5;0m[HTTP][0m [90m[39m
[38;5;0m[HTTP][0m [37m-->[39m [37mGET[39m [37m/wd/hub/session/88a0fb5a-9f03-4056-9920-6e594a43dbd2/element/00000000-0000-00f9-ffff-ffff000001dc/location[39m
[38;5;0m[HTTP][0m [90m{}[39m
[38;5;48m[AndroidUiautomator2Driver@7913 (88a0fb5a)][0m Driver proxy active, passing request on via HTTP proxy
[38;5;48m[AndroidUiautomator2Driver@7913 (88a0fb5a)][0m Replacing sessionId f3e41b1e-5858-4b2d-ab8f-63b420cd3b64 with 88a0fb5a-9f03-4056-9920-6e594a43dbd2
[38;5;0m[HTTP][0m [37m<-- GET /wd/hub/session/88a0fb5a-9f03-4056-9920-6e594a43dbd2/element/00000000-0000-00f9-ffff-ffff000001dc/location [39m[32m200[39m [90m27 ms - 79[39m
[38;5;0m[HTTP][0m [90m[39m
[38;5;0m[HTTP][0m [37m-->[39m [37mPOST[39m [37m/wd/hub/session/88a0fb5a-9f03-4056-9920-6e594a43dbd2/element/00000000-0000-00f9-ffff-ffff000001dc/click[39m
[38;5;0m[HTTP][0m [90m{"id":"00000000-0000-00f9-ffff-ffff000001dc"}[39m
[38;5;0m[HTTP][0m [37m<-- POST /wd/hub/session/88a0fb5a-9f03-4056-9920-6e594a43dbd2/element/00000000-0000-00f9-ffff-ffff000001dc/click [39m[32m200[39m [90m103 ms - 14[39m
[38;5;0m[HTTP][0m [90m[39m
[38;5;0m[HTTP][0m [37m-->[39m [37mGET[39m [37m/wd/hub/session/88a0fb5a-9f03-4056-9920-6e594a43dbd2/source[39m
[38;5;0m[HTTP][0m [90m{}[39m
[38;5;48m[AndroidUiautomator2Driver@7913 (88a0fb5a)][0m Driver proxy active, passing request on via HTTP proxy
[38;5;48m[AndroidUiautomator2Driver@7913 (88a0fb5a)][0m Replacing sessionId f3e41b1e-5858-4b2d-ab8f-63b420cd3b64 with 88a0fb5a-9f03-4056-9920-6e594a43dbd2
[38;5;0m[HTTP][0m [37m<-- GET /wd/hub/session/88a0fb5a-9f03-4056-9920-6e594a43dbd2/source [39m[32m200[39m [90m478 ms - 6067[39m
[38;5;0m[HTTP][0m [90m[39m
[38;5;0m[HTTP][0m [37m-->[39m [37mGET[39m [37m/wd/hub/session/88a0fb5a-9f03-4056-9920-6e594a43dbd2/screenshot[39m
[38;5;0m[HTTP][0m [90m{}[39m
[38;5;0m[HTTP][0m [37m<-- GET /wd/hub/session/88a0fb5a-9f03-4056-9920-6e594a43dbd2/screenshot [39m[32m200[39m [90m749 ms - 181028[39m
[38;5;0m[HTTP][0m [90m[39m
[38;5;0m[HTTP][0m [37m-->[39m [37mGET[39m [37m/wd/hub/session/88a0fb5a-9f03-4056-9920-6e594a43dbd2/source[39m
[38;5;0m[HTTP][0m [90m{}[39m
[38;5;48m[AndroidUiautomator2Driver@7913 (88a0fb5a)][0m Driver proxy active, passing request on via HTTP proxy
[38;5;48m[AndroidUiautomator2Driver@7913 (88a0fb5a)][0m Replacing sessionId f3e41b1e-5858-4b2d-ab8f-63b420cd3b64 with 88a0fb5a-9f03-4056-9920-6e594a43dbd2
[38;5;0m[HTTP][0m [37m<-- GET /wd/hub/session/88a0fb5a-9f03-4056-9920-6e594a43dbd2/source [39m[32m200[39m [90m80 ms - 7002[39m
[38;5;0m[HTTP][0m [90m[39m
[38;5;0m[HTTP][0m [37m-->[39m [37mGET[39m [37m/wd/hub/session/88a0fb5a-9f03-4056-9920-6e594a43dbd2/screenshot[39m
[38;5;0m[HTTP][0m [90m{}[39m
[38;5;0m[HTTP][0m [37m<-- GET /wd/hub/session/88a0fb5a-9f03-4056-9920-6e594a43dbd2/screenshot [39m[32m200[39m [90m702 ms - 200008[39m
[38;5;0m[HTTP][0m [90m[39m
[38;5;0m[HTTP][0m [37m-->[39m [37mDELETE[39m [37m/wd/hub/session/88a0fb5a-9f03-4056-9920-6e594a43dbd2[39m
[38;5;0m[HTTP][0m [90m{}[39m
[38;5;16m[AppiumDriver@9025][0m Removing session 88a0fb5a-9f03-4056-9920-6e594a43dbd2 from our master session list
[38;5;48m[AndroidUiautomator2Driver@7913 (88a0fb5a)][0m Restoring hidden api policy to the device default configuration
[38;5;0m[HTTP][0m [37m<-- DELETE /wd/hub/session/88a0fb5a-9f03-4056-9920-6e594a43dbd2 [39m[32m200[39m [90m397 ms - 14[39m
[38;5;0m[HTTP][0m [90m[39m
